
-------------------------------------------------------------------
  Book: 3m.json
-------------------------------------------------------------------
 > Colors in File: 563
 > csv/3m.csv created...
 > book/3m.html created...
 > scss/_book-3m.scss created...
 > stylus/book-3m.styl created...
 > less/book-3m.less created...

-------------------------------------------------------------------
  Book: al-jazeera.json
-------------------------------------------------------------------
 > Colors in File: 728
 > csv/al-jazeera.csv created...
 > book/al-jazeera.html created...
 > scss/_book-al-jazeera.scss created...
 > stylus/book-al-jazeera.styl created...
 > less/book-al-jazeera.less created...

-------------------------------------------------------------------
  Book: alligator.json
-------------------------------------------------------------------
 > Colors in File: 1436
 > csv/alligator.csv created...
 > book/alligator.html created...
 > scss/_book-alligator.scss created...
 > stylus/book-alligator.styl created...
 > less/book-alligator.less created...

-------------------------------------------------------------------
  Book: alpina.json
-------------------------------------------------------------------
 > Colors in File: 256
 > csv/alpina.csv created...
 > book/alpina.html created...
 > scss/_book-alpina.scss created...
 > stylus/book-alpina.styl created...
 > less/book-alpina.less created...

-------------------------------------------------------------------
  Book: anpa.json
-------------------------------------------------------------------
 > Colors in File: 300
 > csv/anpa.csv created...
 > book/anpa.html created...
 > scss/_book-anpa.scss created...
 > stylus/book-anpa.styl created...
 > less/book-anpa.less created...

-------------------------------------------------------------------
  Book: avery.json
-------------------------------------------------------------------
 > Colors in File: 382
 > csv/avery.csv created...
 > book/avery.html created...
 > scss/_book-avery.scss created...
 > stylus/book-avery.styl created...
 > less/book-avery.less created...

-------------------------------------------------------------------
  Book: baumann.json
-------------------------------------------------------------------
 > Colors in File: 1372
 > csv/baumann.csv created...
 > book/baumann.html created...
 > scss/_book-baumann.scss created...
 > stylus/book-baumann.styl created...
 > less/book-baumann.less created...

-------------------------------------------------------------------
  Book: baumit.json
-------------------------------------------------------------------
 > Colors in File: 491
 > csv/baumit.csv created...
 > book/baumit.html created...
 > scss/_book-baumit.scss created...
 > stylus/book-baumit.styl created...
 > less/book-baumit.less created...

-------------------------------------------------------------------
  Book: behr.json
-------------------------------------------------------------------
 > Colors in File: 4699
 > csv/behr.csv created...
 > book/behr.html created...
 > scss/_book-behr.scss created...
 > stylus/book-behr.styl created...
 > less/book-behr.less created...

-------------------------------------------------------------------
  Book: benjamin-moore.json
-------------------------------------------------------------------
 > Colors in File: 3919
 > csv/benjamin-moore.csv created...
 > book/benjamin-moore.html created...
 > scss/_book-benjamin-moore.scss created...
 > stylus/book-benjamin-moore.styl created...
 > less/book-benjamin-moore.less created...

-------------------------------------------------------------------
  Book: dic.json
-------------------------------------------------------------------
 > Colors in File: 1280
 > csv/dic.csv created...
 > book/dic.html created...
 > scss/_book-dic.scss created...
 > stylus/book-dic.styl created...
 > less/book-dic.less created...

-------------------------------------------------------------------
  Book: dunn-edwards.json
-------------------------------------------------------------------
 > Colors in File: 1696
 > csv/dunn-edwards.csv created...
 > book/dunn-edwards.html created...
 > scss/_book-dunn-edwards.scss created...
 > stylus/book-dunn-edwards.styl created...
 > less/book-dunn-edwards.less created...

-------------------------------------------------------------------
  Book: fascal.json
-------------------------------------------------------------------
 > Colors in File: 250
 > csv/fascal.csv created...
 > book/fascal.html created...
 > scss/_book-fascal.scss created...
 > stylus/book-fascal.styl created...
 > less/book-fascal.less created...

-------------------------------------------------------------------
  Book: hks.json
-------------------------------------------------------------------
 > Colors in File: 312
 > csv/hks.csv created...
 > book/hks.html created...
 > scss/_book-hks.scss created...
 > stylus/book-hks.styl created...
 > less/book-hks.less created...

-------------------------------------------------------------------
  Book: ikea.json
-------------------------------------------------------------------
 > Colors in File: 200
 > csv/ikea.csv created...
 > book/ikea.html created...
 > scss/_book-ikea.scss created...
 > stylus/book-ikea.styl created...
 > less/book-ikea.less created...

-------------------------------------------------------------------
  Book: kobra.json
-------------------------------------------------------------------
 > Colors in File: 52
 > csv/kobra.csv created...
 > book/kobra.html created...
 > scss/_book-kobra.scss created...
 > stylus/book-kobra.styl created...
 > less/book-kobra.less created...

-------------------------------------------------------------------
  Book: ppg.json
-------------------------------------------------------------------
 > Colors in File: 2088
 > csv/ppg.csv created...
 > book/ppg.html created...
 > scss/_book-ppg.scss created...
 > stylus/book-ppg.styl created...
 > less/book-ppg.less created...

-------------------------------------------------------------------
  Book: sherwin-williams.json
-------------------------------------------------------------------
 > Colors in File: 1526
 > csv/sherwin-williams.csv created...
 > book/sherwin-williams.html created...
 > scss/_book-sherwin-williams.scss created...
 > stylus/book-sherwin-williams.styl created...
 > less/book-sherwin-williams.less created...

-------------------------------------------------------------------
  Book: toyo.json
-------------------------------------------------------------------
 > Colors in File: 1050
 > csv/toyo.csv created...
 > book/toyo.html created...
 > scss/_book-toyo.scss created...
 > stylus/book-toyo.styl created...
 > less/book-toyo.less created...

-------------------------------------------------------------------
  Book: trumatch.json
-------------------------------------------------------------------
 > Colors in File: 2092
 > csv/trumatch.csv created...
 > book/trumatch.html created...
 > scss/_book-trumatch.scss created...
 > stylus/book-trumatch.styl created...
 > less/book-trumatch.less created...

-------------------------------------------------------------------
  Main Files
-------------------------------------------------------------------
 > Total Colors: 24692
 > scss/_colornerd.scss created...
 > stylus/colornerd.styl created...
 > less/colornerd.less created...
 > index.html created...
